<?xml version="1.0" encoding="UTF-8"?>
<testng-results skipped="0" failed="0" ignored="0" total="1" passed="1">
  <reporter-output>
  </reporter-output>
  <suite name="Default suite" duration-ms="4922" started-at="2020-12-11T18:13:05Z" finished-at="2020-12-11T18:13:09Z">
    <groups>
    </groups>
    <test name="Default test" duration-ms="4922" started-at="2020-12-11T18:13:05Z" finished-at="2020-12-11T18:13:09Z">
      <class name="tests.LoginTest">
        <test-method status="PASS" signature="fetchdata()[pri:0, instance:tests.LoginTest@3b94d659]" name="fetchdata" is-config="true" duration-ms="435" started-at="2020-12-11T18:13:05Z" finished-at="2020-12-11T18:13:05Z">
          <reporter-output>
          </reporter-output>
        </test-method> <!-- fetchdata -->
        <test-method status="PASS" signature="setup()[pri:0, instance:tests.LoginTest@3b94d659]" name="setup" is-config="true" duration-ms="2998" started-at="2020-12-11T18:13:05Z" finished-at="2020-12-11T18:13:08Z">
          <reporter-output>
          </reporter-output>
        </test-method> <!-- setup -->
        <test-method status="PASS" signature="Login()[pri:0, instance:tests.LoginTest@3b94d659]" name="Login" duration-ms="1426" started-at="2020-12-11T18:13:08Z" finished-at="2020-12-11T18:13:09Z">
          <reporter-output>
          </reporter-output>
        </test-method> <!-- Login -->
      </class> <!-- tests.LoginTest -->
    </test> <!-- Default test -->
  </suite> <!-- Default suite -->
</testng-results>
